
------------------------------------
  Logging start.  ## CURRENT TIME  : [9/9, 2010   21:20  43.372]  ## COMMAND LINE  : 
cmd /C "gen_csini.exe"
------------------------------------
[STD-IN] : C:\_dropbox\My Dropbox\_electronics\_projects\Bordcomputer\.metadata\.plugins\sst.csgp\bin\env_vars.txt
GUI is waiting for subprocess to be done...
Execution done. EXIT CODE = 0
  Logging finished.  ## CURRENT TIME  : [9/9, 2010   21:20  47.535]
------------------------------------

------------------------------------
  Logging start.  ## CURRENT TIME  : [9/9, 2010   21:22  6.446]  ## COMMAND LINE  : 
cmd /C "gen_csini.exe"
------------------------------------
[STD-IN] : C:\_dropbox\My Dropbox\_electronics\_projects\Bordcomputer\.metadata\.plugins\sst.csgp\bin\env_vars.txt
GUI is waiting for subprocess to be done...
Execution done. EXIT CODE = 0
  Logging finished.  ## CURRENT TIME  : [9/9, 2010   21:22  11.440]
------------------------------------

------------------------------------
  Logging start.  ## CURRENT TIME  : [9/9, 2010   21:43  46.256]  ## COMMAND LINE  : 
cmd /C "gen_csini.exe"
------------------------------------
[STD-IN] : C:\_dropbox\My Dropbox\_electronics\_projects\Bordcomputer\.metadata\.plugins\sst.csgp\bin\env_vars.txt
GUI is waiting for subprocess to be done...
Execution done. EXIT CODE = 0
  Logging finished.  ## CURRENT TIME  : [9/9, 2010   21:43  50.639]
------------------------------------

------------------------------------
  Logging start.  ## CURRENT TIME  : [9/9, 2010   21:44  13.240]  ## COMMAND LINE  : 
cmd /C "gen_csini.exe"
------------------------------------
[STD-IN] : C:\_dropbox\My Dropbox\_electronics\_projects\Bordcomputer\.metadata\.plugins\sst.csgp\bin\env_vars.txt
GUI is waiting for subprocess to be done...
Execution done. EXIT CODE = 0
  Logging finished.  ## CURRENT TIME  : [9/9, 2010   21:44  17.139]
------------------------------------
